[10-11-2024 17:13:59.043 INFO com.jquery.upload.Topic_jquery_uploadFile] - TC_01_upload_single - Step 1: upload file 1 Screenshot 2024-02-07 104902.png
[10-11-2024 17:14:01.087 INFO com.jquery.upload.Topic_jquery_uploadFile] - TC_01_upload_single - Step 1: upload file 2 unnamed.jpg
[10-11-2024 17:14:03.104 INFO com.jquery.upload.Topic_jquery_uploadFile] - TC_01_upload_single - Step 3: verify loaded file 1Screenshot 2024-02-07 104902.png
[10-11-2024 17:14:03.162 INFO com.jquery.upload.Topic_jquery_uploadFile] - TC_01_upload_single - Step 4: verify loaded file 2unnamed.jpg
[10-11-2024 17:28:38.742 INFO com.jquery.upload.Topic_jquery_uploadFile] - TC_01_upload_single - Step 1: upload file 1 Screenshot 2024-02-07 104902.png
[10-11-2024 17:28:40.810 INFO com.jquery.upload.Topic_jquery_uploadFile] - TC_01_upload_single - Step 1: upload file 2 unnamed.jpg
[10-11-2024 17:28:42.837 INFO com.jquery.upload.Topic_jquery_uploadFile] - TC_01_upload_single - Step 3: verify loaded file 1Screenshot 2024-02-07 104902.png
[10-11-2024 17:28:42.877 INFO com.jquery.upload.Topic_jquery_uploadFile] - TC_01_upload_single - Step 4: verify loaded file 2unnamed.jpg
[10-11-2024 17:33:26.384 INFO com.jquery.upload.Topic_jquery_uploadFile] - TC_01_upload_single - Step 1: upload file 1 Screenshot 2024-02-07 104902.png
[10-11-2024 17:33:28.428 INFO com.jquery.upload.Topic_jquery_uploadFile] - TC_01_upload_single - Step 1: upload file 2 unnamed.jpg
[10-11-2024 17:33:30.448 INFO com.jquery.upload.Topic_jquery_uploadFile] - TC_01_upload_single - Step 3: verify loaded file 1Screenshot 2024-02-07 104902.png
[10-11-2024 17:33:30.506 INFO com.jquery.upload.Topic_jquery_uploadFile] - ---------------------- Passed -----------------------
[10-11-2024 17:33:30.506 INFO com.jquery.upload.Topic_jquery_uploadFile] - TC_01_upload_single - Step 4: verify loaded file 2unnamed.jpg
[10-11-2024 17:33:30.550 INFO com.jquery.upload.Topic_jquery_uploadFile] - ---------------------- Failed -----------------------
[10-11-2024 17:40:56.453 INFO com.jquery.upload.Topic_jquery_uploadFile] - TC_01_upload_single - Step 1: upload file 1 Screenshot 2024-02-07 104902.png
[10-11-2024 17:40:58.528 INFO com.jquery.upload.Topic_jquery_uploadFile] - TC_01_upload_single - Step 1: upload file 2 unnamed.jpg
[10-11-2024 17:41:00.561 INFO com.jquery.upload.Topic_jquery_uploadFile] - TC_01_upload_single - Step 3: verify loaded file 1Screenshot 2024-02-07 104902.png
[10-11-2024 17:41:00.599 INFO com.jquery.upload.Topic_jquery_uploadFile] - ---------------------- Passed -----------------------
[10-11-2024 17:41:00.599 INFO com.jquery.upload.Topic_jquery_uploadFile] - TC_01_upload_single - Step 4: verify loaded file 2unnamed.jpg
[10-11-2024 17:42:20.455 INFO com.jquery.upload.Topic_jquery_uploadFile] - TC_01_upload_single - Step 1: upload file 1 Screenshot 2024-02-07 104902.png
[10-11-2024 17:42:22.504 INFO com.jquery.upload.Topic_jquery_uploadFile] - TC_01_upload_single - Step 1: upload file 2 unnamed.jpg
[10-11-2024 17:42:24.527 INFO com.jquery.upload.Topic_jquery_uploadFile] - TC_01_upload_single - Step 3: verify loaded file 1Screenshot 2024-02-07 104902.png
[10-11-2024 17:42:24.609 INFO com.jquery.upload.Topic_jquery_uploadFile] - ---------------------- Passed -----------------------
[10-11-2024 17:42:24.610 INFO com.jquery.upload.Topic_jquery_uploadFile] - TC_01_upload_single - Step 4: verify loaded file 2unnamed.jpg
[10-11-2024 17:43:24.186 INFO com.jquery.upload.Topic_jquery_uploadFile] - TC_01_upload_single - Step 1: upload file 1 Screenshot 2024-02-07 104902.png
[10-11-2024 17:43:26.242 INFO com.jquery.upload.Topic_jquery_uploadFile] - TC_01_upload_single - Step 1: upload file 2 unnamed.jpg
[10-11-2024 17:43:28.263 INFO com.jquery.upload.Topic_jquery_uploadFile] - TC_01_upload_single - Step 3: verify loaded file 1Screenshot 2024-02-07 104902.png
[10-11-2024 17:43:28.303 INFO com.jquery.upload.Topic_jquery_uploadFile] - ---------------------- Passed -----------------------
[10-11-2024 17:43:28.303 INFO com.jquery.upload.Topic_jquery_uploadFile] - TC_01_upload_single - Step 4: verify loaded file 2unnamed.jpg
[10-11-2024 17:44:52.019 INFO com.jquery.upload.Topic_jquery_uploadFile] - TC_01_upload_single - Step 1: upload file 1 Screenshot 2024-02-07 104902.png
[10-11-2024 17:44:54.080 INFO com.jquery.upload.Topic_jquery_uploadFile] - TC_01_upload_single - Step 1: upload file 2 unnamed.jpg
[10-11-2024 17:44:56.106 INFO com.jquery.upload.Topic_jquery_uploadFile] - TC_01_upload_single - Step 3: verify loaded file 1Screenshot 2024-02-07 104902.png
[10-11-2024 17:44:56.154 INFO com.jquery.upload.Topic_jquery_uploadFile] - ---------------------- Passed -----------------------
[10-11-2024 17:44:56.154 INFO com.jquery.upload.Topic_jquery_uploadFile] - TC_01_upload_single - Step 4: verify loaded file 2unnamed.jpg
[10-11-2024 17:49:50.572 INFO com.jquery.upload.Topic_jquery_uploadFile] - TC_01_upload_single - Step 1: upload file 1 Screenshot 2024-02-07 104902.png
[10-11-2024 17:49:52.648 INFO com.jquery.upload.Topic_jquery_uploadFile] - TC_01_upload_single - Step 1: upload file 2 unnamed.jpg
[10-11-2024 17:49:54.665 INFO com.jquery.upload.Topic_jquery_uploadFile] - TC_01_upload_single - Step 3: verify loaded file 1Screenshot 2024-02-07 104902.png
[10-11-2024 17:49:54.713 INFO com.jquery.upload.Topic_jquery_uploadFile] - ---------------------- Passed -----------------------
[10-11-2024 17:49:54.713 INFO com.jquery.upload.Topic_jquery_uploadFile] - TC_01_upload_single - Step 4: verify loaded file 2unnamed.jpg
[11-11-2024 11:15:12.916 INFO com.jquery.upload.Topic_jquery_uploadFile] - TC_01_upload_single - Step 1: upload file 1 Screenshot 2024-02-07 104902.png
[11-11-2024 11:15:15.009 INFO com.jquery.upload.Topic_jquery_uploadFile] - TC_01_upload_single - Step 1: upload file 2 unnamed.jpg
[11-11-2024 11:15:17.032 INFO com.jquery.upload.Topic_jquery_uploadFile] - TC_01_upload_single - Step 3: verify loaded file 1Screenshot 2024-02-07 104902.png
[11-11-2024 11:15:17.064 INFO com.jquery.upload.Topic_jquery_uploadFile] - ---------------------- Passed -----------------------
[11-11-2024 11:15:17.064 INFO com.jquery.upload.Topic_jquery_uploadFile] - TC_01_upload_single - Step 4: verify loaded file 2unnamed.jpg
[11-11-2024 11:15:22.371 INFO com.jquery.upload.Topic_jquery_uploadFile] - TC_01_upload_single - Step 1: upload file 1 Screenshot 2024-02-07 104902.png
[11-11-2024 11:15:24.437 INFO com.jquery.upload.Topic_jquery_uploadFile] - TC_01_upload_single - Step 1: upload file 2 unnamed.jpg
[11-11-2024 11:15:26.499 INFO com.jquery.upload.Topic_jquery_uploadFile] - TC_01_upload_single - Step 3: verify loaded file 1Screenshot 2024-02-07 104902.png
[11-11-2024 11:15:26.554 INFO com.jquery.upload.Topic_jquery_uploadFile] - ---------------------- Passed -----------------------
[11-11-2024 11:15:26.554 INFO com.jquery.upload.Topic_jquery_uploadFile] - TC_01_upload_single - Step 4: verify loaded file 2unnamed.jpg
[11-11-2024 17:01:29.379 INFO com.jquery.upload.Topic_jquery_uploadFile] - TC_01_upload_single - Step 1: upload file 1 Screenshot 2024-02-07 104902.png
[11-11-2024 17:01:31.445 INFO com.jquery.upload.Topic_jquery_uploadFile] - TC_01_upload_single - Step 1: upload file 2 unnamed.jpg
[11-11-2024 17:01:33.473 INFO com.jquery.upload.Topic_jquery_uploadFile] - TC_01_upload_single - Step 3: verify loaded file 1Screenshot 2024-02-07 104902.png
[11-11-2024 17:01:33.512 INFO com.jquery.upload.Topic_jquery_uploadFile] - ---------------------- Passed -----------------------
[11-11-2024 17:01:33.512 INFO com.jquery.upload.Topic_jquery_uploadFile] - TC_01_upload_single - Step 4: verify loaded file 2unnamed.jpg
[11-11-2024 17:01:37.307 INFO com.jquery.upload.Topic_jquery_uploadFile] - TC_01_upload_single - Step 1: upload file 1 Screenshot 2024-02-07 104902.png
[11-11-2024 17:01:39.362 INFO com.jquery.upload.Topic_jquery_uploadFile] - TC_01_upload_single - Step 1: upload file 2 unnamed.jpg
[11-11-2024 17:01:41.405 INFO com.jquery.upload.Topic_jquery_uploadFile] - TC_01_upload_single - Step 3: verify loaded file 1Screenshot 2024-02-07 104902.png
[11-11-2024 17:01:41.449 INFO com.jquery.upload.Topic_jquery_uploadFile] - ---------------------- Passed -----------------------
[11-11-2024 17:01:41.450 INFO com.jquery.upload.Topic_jquery_uploadFile] - TC_01_upload_single - Step 4: verify loaded file 2unnamed.jpg
[11-11-2024 17:15:36.199 INFO com.jquery.upload.Topic_jquery_uploadFile] - TC_01_upload_single - Step 1: upload file 1 Screenshot 2024-02-07 104902.png
[11-11-2024 17:15:38.264 INFO com.jquery.upload.Topic_jquery_uploadFile] - TC_01_upload_single - Step 1: upload file 2 unnamed.jpg
[11-11-2024 17:15:40.295 INFO com.jquery.upload.Topic_jquery_uploadFile] - TC_01_upload_single - Step 3: verify loaded file 1Screenshot 2024-02-07 104902.png
[11-11-2024 17:15:40.327 INFO com.jquery.upload.Topic_jquery_uploadFile] - ---------------------- Passed -----------------------
[11-11-2024 17:15:40.331 INFO com.jquery.upload.Topic_jquery_uploadFile] - TC_01_upload_single - Step 4: verify loaded file 2unnamed.jpg
[11-11-2024 17:15:44.890 INFO com.jquery.upload.Topic_jquery_uploadFile] - TC_01_upload_single - Step 1: upload file 1 Screenshot 2024-02-07 104902.png
[11-11-2024 17:15:46.943 INFO com.jquery.upload.Topic_jquery_uploadFile] - TC_01_upload_single - Step 1: upload file 2 unnamed.jpg
[11-11-2024 17:15:48.996 INFO com.jquery.upload.Topic_jquery_uploadFile] - TC_01_upload_single - Step 3: verify loaded file 1Screenshot 2024-02-07 104902.png
[11-11-2024 17:15:49.042 INFO com.jquery.upload.Topic_jquery_uploadFile] - ---------------------- Passed -----------------------
[11-11-2024 17:15:49.043 INFO com.jquery.upload.Topic_jquery_uploadFile] - TC_01_upload_single - Step 4: verify loaded file 2unnamed.jpg
[11-11-2024 17:43:04.883 INFO com.jquery.upload.Topic_jquery_uploadFile] - TC_01_upload_single - Step 1: upload file 1 Screenshot 2024-02-07 104902.png
[11-11-2024 17:43:06.959 INFO com.jquery.upload.Topic_jquery_uploadFile] - TC_01_upload_single - Step 1: upload file 2 unnamed.jpg
[11-11-2024 17:43:08.998 INFO com.jquery.upload.Topic_jquery_uploadFile] - TC_01_upload_single - Step 3: verify loaded file 1Screenshot 2024-02-07 104902.png
[11-11-2024 17:43:09.040 INFO com.jquery.upload.Topic_jquery_uploadFile] - ---------------------- Passed -----------------------
[11-11-2024 17:43:09.040 INFO com.jquery.upload.Topic_jquery_uploadFile] - TC_01_upload_single - Step 4: verify loaded file 2unnamed.jpg
[11-11-2024 17:43:12.893 INFO com.jquery.upload.Topic_jquery_uploadFile] - TC_01_upload_single - Step 1: upload file 1 Screenshot 2024-02-07 104902.png
[11-11-2024 17:43:14.953 INFO com.jquery.upload.Topic_jquery_uploadFile] - TC_01_upload_single - Step 1: upload file 2 unnamed.jpg
[11-11-2024 17:43:17.004 INFO com.jquery.upload.Topic_jquery_uploadFile] - TC_01_upload_single - Step 3: verify loaded file 1Screenshot 2024-02-07 104902.png
[11-11-2024 17:43:17.061 INFO com.jquery.upload.Topic_jquery_uploadFile] - ---------------------- Passed -----------------------
[11-11-2024 17:43:17.061 INFO com.jquery.upload.Topic_jquery_uploadFile] - TC_01_upload_single - Step 4: verify loaded file 2unnamed.jpg
[11-11-2024 17:59:32.000 INFO com.jquery.upload.Topic_jquery_uploadFile] - TC_01_upload_single - Step 1: upload file 1 Screenshot 2024-02-07 104902.png
[11-11-2024 17:59:34.086 INFO com.jquery.upload.Topic_jquery_uploadFile] - TC_01_upload_single - Step 1: upload file 2 unnamed.jpg
[11-11-2024 17:59:36.109 INFO com.jquery.upload.Topic_jquery_uploadFile] - TC_01_upload_single - Step 3: verify loaded file 1Screenshot 2024-02-07 104902.png
[11-11-2024 17:59:36.150 INFO com.jquery.upload.Topic_jquery_uploadFile] - ---------------------- Passed -----------------------
[11-11-2024 17:59:36.150 INFO com.jquery.upload.Topic_jquery_uploadFile] - TC_01_upload_single - Step 4: verify loaded file 2unnamed.jpg
[11-11-2024 17:59:39.915 INFO com.jquery.upload.Topic_jquery_uploadFile] - TC_01_upload_single - Step 1: upload file 1 Screenshot 2024-02-07 104902.png
[11-11-2024 17:59:41.976 INFO com.jquery.upload.Topic_jquery_uploadFile] - TC_01_upload_single - Step 1: upload file 2 unnamed.jpg
[11-11-2024 17:59:44.032 INFO com.jquery.upload.Topic_jquery_uploadFile] - TC_01_upload_single - Step 3: verify loaded file 1Screenshot 2024-02-07 104902.png
[11-11-2024 17:59:44.081 INFO com.jquery.upload.Topic_jquery_uploadFile] - ---------------------- Passed -----------------------
[11-11-2024 17:59:44.082 INFO com.jquery.upload.Topic_jquery_uploadFile] - TC_01_upload_single - Step 4: verify loaded file 2unnamed.jpg
[11-11-2024 17:59:59.804 INFO com.jquery.upload.Topic_jquery_uploadFile] - TC_01_upload_single - Step 1: upload file 1 Screenshot 2024-02-07 104902.png
[11-11-2024 18:00:01.857 INFO com.jquery.upload.Topic_jquery_uploadFile] - TC_01_upload_single - Step 1: upload file 2 unnamed.jpg
[11-11-2024 18:00:03.882 INFO com.jquery.upload.Topic_jquery_uploadFile] - TC_01_upload_single - Step 3: verify loaded file 1Screenshot 2024-02-07 104902.png
[11-11-2024 18:00:03.922 INFO com.jquery.upload.Topic_jquery_uploadFile] - ---------------------- Passed -----------------------
[11-11-2024 18:00:03.922 INFO com.jquery.upload.Topic_jquery_uploadFile] - TC_01_upload_single - Step 4: verify loaded file 2unnamed.jpg
[11-11-2024 18:00:07.548 INFO com.jquery.upload.Topic_jquery_uploadFile] - TC_01_upload_single - Step 1: upload file 1 Screenshot 2024-02-07 104902.png
[11-11-2024 18:00:09.611 INFO com.jquery.upload.Topic_jquery_uploadFile] - TC_01_upload_single - Step 1: upload file 2 unnamed.jpg
[11-11-2024 18:00:11.665 INFO com.jquery.upload.Topic_jquery_uploadFile] - TC_01_upload_single - Step 3: verify loaded file 1Screenshot 2024-02-07 104902.png
[11-11-2024 18:00:11.698 INFO com.jquery.upload.Topic_jquery_uploadFile] - ---------------------- Passed -----------------------
[11-11-2024 18:00:11.698 INFO com.jquery.upload.Topic_jquery_uploadFile] - TC_01_upload_single - Step 4: verify loaded file 2unnamed.jpg
